{"/Users/guilherme.heringer/Projetos/e-commerce-chalenge/src/components/Header/header.styles.ts": {"path":"/Users/guilherme.heringer/Projetos/e-commerce-chalenge/src/components/Header/header.styles.ts","statementMap":{"0":{"start":{"line":4,"column":31},"end":{"line":17,"column":1}},"1":{"start":{"line":19,"column":21},"end":{"line":27,"column":1}},"2":{"start":{"line":29,"column":27},"end":{"line":33,"column":1}},"3":{"start":{"line":35,"column":27},"end":{"line":39,"column":1}},"4":{"start":{"line":41,"column":30},"end":{"line":47,"column":1}},"5":{"start":{"line":48,"column":28},"end":{"line":55,"column":1}},"6":{"start":{"line":57,"column":25},"end":{"line":66,"column":1}}},"fnMap":{},"branchMap":{},"s":{"0":1,"1":1,"2":1,"3":1,"4":1,"5":1,"6":1},"f":{},"b":{},"_coverageSchema":"1a1c01bbd47fc00a2c39e90264f33305004495a9","hash":"85ae59cba2637480d57bea4365ed48fc8a45f798"}
}
