{"/Users/guilherme.heringer/Projetos/e-commerce-chalenge/src/index.js": {"path":"/Users/guilherme.heringer/Projetos/e-commerce-chalenge/src/index.js","statementMap":{"0":{"start":{"line":7,"column":13},"end":{"line":7,"column":65}},"1":{"start":{"line":8,"column":0},"end":{"line":12,"column":2}},"2":{"start":{"line":17,"column":0},"end":{"line":17,"column":18}}},"fnMap":{},"branchMap":{},"s":{"0":0,"1":0,"2":0},"f":{},"b":{}}
,"/Users/guilherme.heringer/Projetos/e-commerce-chalenge/src/reportWebVitals.js": {"path":"/Users/guilherme.heringer/Projetos/e-commerce-chalenge/src/reportWebVitals.js","statementMap":{"0":{"start":{"line":1,"column":24},"end":{"line":11,"column":1}},"1":{"start":{"line":2,"column":2},"end":{"line":10,"column":3}},"2":{"start":{"line":3,"column":4},"end":{"line":9,"column":7}},"3":{"start":{"line":4,"column":6},"end":{"line":4,"column":26}},"4":{"start":{"line":5,"column":6},"end":{"line":5,"column":26}},"5":{"start":{"line":6,"column":6},"end":{"line":6,"column":26}},"6":{"start":{"line":7,"column":6},"end":{"line":7,"column":26}},"7":{"start":{"line":8,"column":6},"end":{"line":8,"column":27}}},"fnMap":{"0":{"name":"(anonymous_0)","decl":{"start":{"line":1,"column":24},"end":{"line":1,"column":25}},"loc":{"start":{"line":1,"column":39},"end":{"line":11,"column":1}},"line":1},"1":{"name":"(anonymous_1)","decl":{"start":{"line":3,"column":30},"end":{"line":3,"column":31}},"loc":{"start":{"line":3,"column":79},"end":{"line":9,"column":5}},"line":3}},"branchMap":{"0":{"loc":{"start":{"line":2,"column":2},"end":{"line":10,"column":3}},"type":"if","locations":[{"start":{"line":2,"column":2},"end":{"line":10,"column":3}},{"start":{},"end":{}}],"line":2},"1":{"loc":{"start":{"line":2,"column":6},"end":{"line":2,"column":52}},"type":"binary-expr","locations":[{"start":{"line":2,"column":6},"end":{"line":2,"column":17}},{"start":{"line":2,"column":21},"end":{"line":2,"column":52}}],"line":2}},"s":{"0":0,"1":0,"2":0,"3":0,"4":0,"5":0,"6":0,"7":0},"f":{"0":0,"1":0},"b":{"0":[0,0],"1":[0,0]}}
,"/Users/guilherme.heringer/Projetos/e-commerce-chalenge/src/components/AddCartButton/AddCartButton.tsx": {"path":"/Users/guilherme.heringer/Projetos/e-commerce-chalenge/src/components/AddCartButton/AddCartButton.tsx","statementMap":{"0":{"start":{"line":9,"column":22},"end":{"line":18,"column":1}},"1":{"start":{"line":10,"column":2},"end":{"line":17,"column":3}}},"fnMap":{"0":{"name":"(anonymous_0)","decl":{"start":{"line":9,"column":22},"end":{"line":9,"column":23}},"loc":{"start":{"line":9,"column":61},"end":{"line":18,"column":1}},"line":9}},"branchMap":{},"s":{"0":1,"1":6},"f":{"0":6},"b":{},"_coverageSchema":"1a1c01bbd47fc00a2c39e90264f33305004495a9","hash":"a5ef5baa3f85cafc82a29d7049427534cbf99130"}
,"/Users/guilherme.heringer/Projetos/e-commerce-chalenge/src/components/AddCartButton/addCartButton.styles.ts": {"path":"/Users/guilherme.heringer/Projetos/e-commerce-chalenge/src/components/AddCartButton/addCartButton.styles.ts","statementMap":{"0":{"start":{"line":4,"column":29},"end":{"line":35,"column":1}},"1":{"start":{"line":37,"column":27},"end":{"line":41,"column":1}},"2":{"start":{"line":43,"column":32},"end":{"line":49,"column":1}}},"fnMap":{},"branchMap":{},"s":{"0":1,"1":1,"2":1},"f":{},"b":{},"_coverageSchema":"1a1c01bbd47fc00a2c39e90264f33305004495a9","hash":"637625cfbebeb80f9d34a20bbcff30737a62365f"}
,"/Users/guilherme.heringer/Projetos/e-commerce-chalenge/src/components/Header/Header.tsx": {"path":"/Users/guilherme.heringer/Projetos/e-commerce-chalenge/src/components/Header/Header.tsx","statementMap":{"0":{"start":{"line":15,"column":15},"end":{"line":30,"column":3}},"1":{"start":{"line":16,"column":38},"end":{"line":16,"column":47}},"2":{"start":{"line":18,"column":4},"end":{"line":29,"column":6}}},"fnMap":{"0":{"name":"(anonymous_0)","decl":{"start":{"line":15,"column":15},"end":{"line":15,"column":16}},"loc":{"start":{"line":15,"column":21},"end":{"line":30,"column":3}},"line":15}},"branchMap":{},"s":{"0":1,"1":1,"2":1},"f":{"0":1},"b":{},"_coverageSchema":"1a1c01bbd47fc00a2c39e90264f33305004495a9","hash":"8b92a1761ee41f1a4ab505261b11cfb478cba83c"}
,"/Users/guilherme.heringer/Projetos/e-commerce-chalenge/src/components/Header/header.styles.ts": {"path":"/Users/guilherme.heringer/Projetos/e-commerce-chalenge/src/components/Header/header.styles.ts","statementMap":{"0":{"start":{"line":4,"column":31},"end":{"line":16,"column":1}},"1":{"start":{"line":18,"column":21},"end":{"line":26,"column":1}},"2":{"start":{"line":28,"column":27},"end":{"line":32,"column":1}},"3":{"start":{"line":34,"column":27},"end":{"line":38,"column":1}},"4":{"start":{"line":40,"column":30},"end":{"line":46,"column":1}},"5":{"start":{"line":47,"column":28},"end":{"line":54,"column":1}},"6":{"start":{"line":56,"column":25},"end":{"line":65,"column":1}}},"fnMap":{},"branchMap":{},"s":{"0":1,"1":1,"2":1,"3":1,"4":1,"5":1,"6":1},"f":{},"b":{},"_coverageSchema":"1a1c01bbd47fc00a2c39e90264f33305004495a9","hash":"cab3e6e61b55057549e9c27d74882fe6664682b6"}
,"/Users/guilherme.heringer/Projetos/e-commerce-chalenge/src/components/ProductList/ProductList.tsx": {"path":"/Users/guilherme.heringer/Projetos/e-commerce-chalenge/src/components/ProductList/ProductList.tsx","statementMap":{"0":{"start":{"line":18,"column":20},"end":{"line":43,"column":1}},"1":{"start":{"line":19,"column":26},"end":{"line":19,"column":35}},"2":{"start":{"line":21,"column":28},"end":{"line":23,"column":5}},"3":{"start":{"line":22,"column":8},"end":{"line":22,"column":27}},"4":{"start":{"line":25,"column":4},"end":{"line":42,"column":6}},"5":{"start":{"line":28,"column":16},"end":{"line":39,"column":30}},"6":{"start":{"line":36,"column":50},"end":{"line":36,"column":74}}},"fnMap":{"0":{"name":"(anonymous_0)","decl":{"start":{"line":18,"column":20},"end":{"line":18,"column":21}},"loc":{"start":{"line":18,"column":51},"end":{"line":43,"column":1}},"line":18},"1":{"name":"(anonymous_1)","decl":{"start":{"line":21,"column":28},"end":{"line":21,"column":29}},"loc":{"start":{"line":21,"column":50},"end":{"line":23,"column":5}},"line":21},"2":{"name":"(anonymous_2)","decl":{"start":{"line":27,"column":26},"end":{"line":27,"column":27}},"loc":{"start":{"line":28,"column":16},"end":{"line":39,"column":30}},"line":28},"3":{"name":"(anonymous_3)","decl":{"start":{"line":36,"column":44},"end":{"line":36,"column":45}},"loc":{"start":{"line":36,"column":50},"end":{"line":36,"column":74}},"line":36}},"branchMap":{},"s":{"0":1,"1":3,"2":3,"3":2,"4":3,"5":6,"6":2},"f":{"0":3,"1":2,"2":6,"3":2},"b":{},"_coverageSchema":"1a1c01bbd47fc00a2c39e90264f33305004495a9","hash":"cc72e6fe8b3e44eaaf26bc0a3fe6dd3288091329"}
,"/Users/guilherme.heringer/Projetos/e-commerce-chalenge/src/components/ProductList/product.styles.ts": {"path":"/Users/guilherme.heringer/Projetos/e-commerce-chalenge/src/components/ProductList/product.styles.ts","statementMap":{"0":{"start":{"line":3,"column":32},"end":{"line":13,"column":1}},"1":{"start":{"line":15,"column":27},"end":{"line":70,"column":1}},"2":{"start":{"line":72,"column":30},"end":{"line":74,"column":1}},"3":{"start":{"line":76,"column":28},"end":{"line":86,"column":1}},"4":{"start":{"line":88,"column":29},"end":{"line":92,"column":1}}},"fnMap":{},"branchMap":{},"s":{"0":1,"1":1,"2":1,"3":1,"4":1},"f":{},"b":{},"_coverageSchema":"1a1c01bbd47fc00a2c39e90264f33305004495a9","hash":"fdc1734f18dd55ec91eff3baf2ad3020e6c7ab85"}
,"/Users/guilherme.heringer/Projetos/e-commerce-chalenge/src/contexts/CartContext.tsx": {"path":"/Users/guilherme.heringer/Projetos/e-commerce-chalenge/src/contexts/CartContext.tsx","statementMap":{"0":{"start":{"line":11,"column":20},"end":{"line":11,"column":73}},"1":{"start":{"line":13,"column":28},"end":{"line":36,"column":1}},"2":{"start":{"line":14,"column":36},"end":{"line":14,"column":55}},"3":{"start":{"line":15,"column":38},"end":{"line":15,"column":49}},"4":{"start":{"line":17,"column":20},"end":{"line":20,"column":3}},"5":{"start":{"line":18,"column":4},"end":{"line":18,"column":54}},"6":{"start":{"line":18,"column":32},"end":{"line":18,"column":52}},"7":{"start":{"line":19,"column":4},"end":{"line":19,"column":57}},"8":{"start":{"line":19,"column":33},"end":{"line":19,"column":55}},"9":{"start":{"line":31,"column":2},"end":{"line":35,"column":4}},"10":{"start":{"line":38,"column":23},"end":{"line":44,"column":1}},"11":{"start":{"line":39,"column":18},"end":{"line":39,"column":41}},"12":{"start":{"line":40,"column":2},"end":{"line":42,"column":3}},"13":{"start":{"line":41,"column":4},"end":{"line":41,"column":72}},"14":{"start":{"line":43,"column":2},"end":{"line":43,"column":17}}},"fnMap":{"0":{"name":"(anonymous_0)","decl":{"start":{"line":13,"column":28},"end":{"line":13,"column":29}},"loc":{"start":{"line":13,"column":71},"end":{"line":36,"column":1}},"line":13},"1":{"name":"(anonymous_1)","decl":{"start":{"line":17,"column":20},"end":{"line":17,"column":21}},"loc":{"start":{"line":17,"column":35},"end":{"line":20,"column":3}},"line":17},"2":{"name":"(anonymous_2)","decl":{"start":{"line":18,"column":17},"end":{"line":18,"column":18}},"loc":{"start":{"line":18,"column":32},"end":{"line":18,"column":52}},"line":18},"3":{"name":"(anonymous_3)","decl":{"start":{"line":19,"column":18},"end":{"line":19,"column":19}},"loc":{"start":{"line":19,"column":33},"end":{"line":19,"column":55}},"line":19},"4":{"name":"(anonymous_4)","decl":{"start":{"line":38,"column":23},"end":{"line":38,"column":24}},"loc":{"start":{"line":38,"column":29},"end":{"line":44,"column":1}},"line":38}},"branchMap":{"0":{"loc":{"start":{"line":40,"column":2},"end":{"line":42,"column":3}},"type":"if","locations":[{"start":{"line":40,"column":2},"end":{"line":42,"column":3}},{"start":{},"end":{}}],"line":40}},"s":{"0":2,"1":2,"2":4,"3":4,"4":4,"5":1,"6":1,"7":1,"8":1,"9":4,"10":2,"11":9,"12":8,"13":4,"14":4},"f":{"0":4,"1":1,"2":1,"3":1,"4":9},"b":{"0":[4,4]},"_coverageSchema":"1a1c01bbd47fc00a2c39e90264f33305004495a9","hash":"0184a6b3ab5c5483654cd566bf684da733762b8a"}
,"/Users/guilherme.heringer/Projetos/e-commerce-chalenge/src/screens/HomeScreen.tsx": {"path":"/Users/guilherme.heringer/Projetos/e-commerce-chalenge/src/screens/HomeScreen.tsx","statementMap":{"0":{"start":{"line":9,"column":19},"end":{"line":20,"column":1}},"1":{"start":{"line":10,"column":23},"end":{"line":10,"column":35}},"2":{"start":{"line":11,"column":2},"end":{"line":19,"column":3}}},"fnMap":{"0":{"name":"(anonymous_0)","decl":{"start":{"line":9,"column":19},"end":{"line":9,"column":20}},"loc":{"start":{"line":9,"column":25},"end":{"line":20,"column":1}},"line":9}},"branchMap":{},"s":{"0":0,"1":0,"2":0},"f":{"0":0},"b":{}}
}
